2023-03-09T10:45:58.117342 404 : [{"timestamp":"2023-03-09T15:45:58.056+00:00","status":404,"error":"Not Found","message":"No message available","path":"/api/account/user/1001/balance"}]
2023-03-09T10:58:19.277939 404 : [{"timestamp":"2023-03-09T15:58:19.261+00:00","status":404,"error":"Not Found","message":"No message available","path":"/api/account/user/1001/balance"}]
2023-03-09T11:03:22.3383009 404 : [{"timestamp":"2023-03-09T16:03:22.314+00:00","status":404,"error":"Not Found","message":"No message available","path":"/api/account/user/1002/balance"}]
2023-03-09T11:20:13.8782695 I/O error on POST request for "http://localhost:8080/login": Connection refused: connect; nested exception is java.net.ConnectException: Connection refused: connect
2023-03-09T11:48:35.355624 404 : [{"timestamp":"2023-03-09T16:48:35.333+00:00","status":404,"error":"Not Found","message":"No message available","path":"/api/account/user/1002/balance"}]
2023-03-09T11:50:03.0740656 404 : [{"timestamp":"2023-03-09T16:50:03.030+00:00","status":404,"error":"Not Found","message":"No message available","path":"/api/account/user/1002/balance"}]
2023-03-09T11:50:03.1227341 404 : [{"timestamp":"2023-03-09T16:50:03.118+00:00","status":404,"error":"Not Found","message":"No message available","path":"/api/account/user/1002/balance"}]
2023-03-09T11:57:32.8725929 404 : [{"timestamp":"2023-03-09T16:57:32.848+00:00","status":404,"error":"Not Found","message":"No message available","path":"/api/account/user/1002/balance"}]
2023-03-09T11:58:47.9614434 404 : [{"timestamp":"2023-03-09T16:58:47.941+00:00","status":404,"error":"Not Found","message":"No message available","path":"/api/account/user/1002/balance"}]
2023-03-09T11:58:47.9907405 404 : [{"timestamp":"2023-03-09T16:58:47.988+00:00","status":404,"error":"Not Found","message":"No message available","path":"/api/account/user/1002/balance"}]
2023-03-09T12:03:17.1256003 404 : [{"timestamp":"2023-03-09T17:03:17.101+00:00","status":404,"error":"Not Found","message":"No message available","path":"/api/account/user/1002/balance"}]
2023-03-09T12:03:17.1541915 404 : [{"timestamp":"2023-03-09T17:03:17.152+00:00","status":404,"error":"Not Found","message":"No message available","path":"/api/account/user/1002/balance"}]
2023-03-09T12:09:04.421541 404 : [{"timestamp":"2023-03-09T17:09:04.404+00:00","status":404,"error":"Not Found","message":"No message available","path":"/api/account/balance1002"}]
2023-03-09T12:09:04.4389984 404 : [{"timestamp":"2023-03-09T17:09:04.435+00:00","status":404,"error":"Not Found","message":"No message available","path":"/api/account/balance1002"}]
2023-03-09T12:15:26.9072653 I/O error on POST request for "http://localhost:8080/register": Connection refused: connect; nested exception is java.net.ConnectException: Connection refused: connect
2023-03-09T12:15:56.8479441 I/O error on POST request for "http://localhost:8080/login": Connection refused: connect; nested exception is java.net.ConnectException: Connection refused: connect
2023-03-09T12:22:35.1040676 I/O error on POST request for "http://localhost:8080/register": Connection refused: connect; nested exception is java.net.ConnectException: Connection refused: connect
2023-03-09T13:09:34.0478432 I/O error on POST request for "http://localhost:8080/register": Connection refused: connect; nested exception is java.net.ConnectException: Connection refused: connect
2023-03-09T15:24:45.5293914 404 : [{"timestamp":"2023-03-09T20:24:45.491+00:00","status":404,"error":"Not Found","message":"No message available","path":"/balance"}]
2023-03-09T15:26:23.5436569 404 : [{"timestamp":"2023-03-09T20:26:23.519+00:00","status":404,"error":"Not Found","message":"No message available","path":"/balance"}]
2023-03-09T15:30:39.3318168 400 : [{"timestamp":"2023-03-09T20:30:39.314+00:00","status":400,"error":"Bad Request","message":"Failed to convert value of type 'java.lang.String' to required type 'int'; nested exception is java.lang.NumberFormatException: For input string: \"balance\"","path":"/accounts/balance"}]
2023-03-09T15:47:51.7208044 400 : [{"timestamp":"2023-03-09T20:47:51.704+00:00","status":400,"error":"Bad Request","message":"Failed to convert value of type 'java.lang.String' to required type 'int'; nested exception is java.lang.NumberFormatException: For input string: \"balance\"","path":"/accounts/balance"}]
2023-03-09T15:53:26.0926872 400 : [{"timestamp":"2023-03-09T20:53:26.077+00:00","status":400,"error":"Bad Request","message":"Failed to convert value of type 'java.lang.String' to required type 'int'; nested exception is java.lang.NumberFormatException: For input string: \"balance\"","path":"/accounts/balance"}]
2023-03-09T15:57:12.5979099 400 : [{"timestamp":"2023-03-09T20:57:12.572+00:00","status":400,"error":"Bad Request","message":"Failed to convert value of type 'java.lang.String' to required type 'int'; nested exception is java.lang.NumberFormatException: For input string: \"balance\"","path":"/accounts/balance"}]
2023-03-09T16:00:59.3923188 400 : [{"timestamp":"2023-03-09T21:00:59.374+00:00","status":400,"error":"Bad Request","message":"Failed to convert value of type 'java.lang.String' to required type 'int'; nested exception is java.lang.NumberFormatException: For input string: \"balance\"","path":"/accounts/balance"}]
2023-03-09T16:09:29.0283488 400 : [{"timestamp":"2023-03-09T21:09:29.000+00:00","status":400,"error":"Bad Request","message":"Failed to convert value of type 'java.lang.String' to required type 'int'; nested exception is java.lang.NumberFormatException: For input string: \"balance\"","path":"/accounts/balance"}]
2023-03-09T16:11:55.8592562 400 : [{"timestamp":"2023-03-09T21:11:55.837+00:00","status":400,"error":"Bad Request","message":"Failed to convert value of type 'java.lang.String' to required type 'int'; nested exception is java.lang.NumberFormatException: For input string: \"balance\"","path":"/accounts/balance"}]
2023-03-09T16:13:33.2701265 400 : [{"timestamp":"2023-03-09T21:13:33.250+00:00","status":400,"error":"Bad Request","message":"Failed to convert value of type 'java.lang.String' to required type 'int'; nested exception is java.lang.NumberFormatException: For input string: \"balance\"","path":"/accounts/balance"}]
2023-03-09T16:17:58.7215369 400 : [{"timestamp":"2023-03-09T21:17:58.690+00:00","status":400,"error":"Bad Request","message":"Failed to convert value of type 'java.lang.String' to required type 'int'; nested exception is java.lang.NumberFormatException: For input string: \"balance\"","path":"/accounts/balance"}]
2023-03-09T16:24:31.8718287 400 : [{"timestamp":"2023-03-09T21:24:31.837+00:00","status":400,"error":"Bad Request","message":"Failed to convert value of type 'java.lang.String' to required type 'int'; nested exception is java.lang.NumberFormatException: For input string: \"balance\"","path":"/accounts/balance"}]
2023-03-09T16:55:59.7617619 404 : [{"timestamp":"2023-03-09T21:55:59.737+00:00","status":404,"error":"Not Found","message":"No message available","path":"/account/balance"}]
2023-03-09T17:00:56.9868951 404 : [{"timestamp":"2023-03-09T22:00:46.840+00:00","status":404,"error":"Not Found","message":"No message available","path":"/account/balance"}]
2023-03-09T17:05:51.4978842 500 : [{"timestamp":"2023-03-09T22:05:51.463+00:00","status":500,"error":"Internal Server Error","message":"No message available","path":"/account/balance"}]
